{"C:\\Yogi\\ip-arthayogi\\Server\\app.js": {"path":"C:\\Yogi\\ip-arthayogi\\Server\\app.js","statementMap":{"0":{"start":{"line":1,"column":0},"end":{"line":3,"column":1}},"1":{"start":{"line":2,"column":4},"end":{"line":2,"column":30}},"2":{"start":{"line":5,"column":16},"end":{"line":5,"column":34}},"3":{"start":{"line":6,"column":12},"end":{"line":6,"column":21}},"4":{"start":{"line":7,"column":15},"end":{"line":7,"column":35}},"5":{"start":{"line":8,"column":23},"end":{"line":8,"column":58}},"6":{"start":{"line":9,"column":13},"end":{"line":9,"column":28}},"7":{"start":{"line":11,"column":0},"end":{"line":11,"column":15}},"8":{"start":{"line":13,"column":0},"end":{"line":13,"column":46}},"9":{"start":{"line":14,"column":0},"end":{"line":14,"column":23}},"10":{"start":{"line":16,"column":0},"end":{"line":16,"column":15}},"11":{"start":{"line":18,"column":0},"end":{"line":18,"column":19}},"12":{"start":{"line":20,"column":0},"end":{"line":20,"column":20}}},"fnMap":{},"branchMap":{"0":{"loc":{"start":{"line":1,"column":0},"end":{"line":3,"column":1}},"type":"if","locations":[{"start":{"line":1,"column":0},"end":{"line":3,"column":1}},{"start":{},"end":{}}],"line":1}},"s":{"0":3,"1":3,"2":3,"3":3,"4":3,"5":3,"6":3,"7":3,"8":3,"9":3,"10":3,"11":3,"12":3},"f":{},"b":{"0":[3,0]},"_coverageSchema":"1a1c01bbd47fc00a2c39e90264f33305004495a9","hash":"1c13beec16d0522fc18d13dbc05b1bff6df52b84"}
,"C:\\Yogi\\ip-arthayogi\\Server\\controllers\\index.js": {"path":"C:\\Yogi\\ip-arthayogi\\Server\\controllers\\index.js","statementMap":{"0":{"start":{"line":1,"column":28},"end":{"line":1,"column":56}},"1":{"start":{"line":2,"column":22},"end":{"line":2,"column":47}},"2":{"start":{"line":3,"column":17},"end":{"line":3,"column":38}},"3":{"start":{"line":4,"column":44},"end":{"line":4,"column":72}},"4":{"start":{"line":5,"column":25},"end":{"line":5,"column":55}},"5":{"start":{"line":6,"column":15},"end":{"line":6,"column":33}},"6":{"start":{"line":10,"column":4},"end":{"line":43,"column":5}},"7":{"start":{"line":11,"column":6},"end":{"line":11,"column":58}},"8":{"start":{"line":11,"column":27},"end":{"line":11,"column":58}},"9":{"start":{"line":12,"column":6},"end":{"line":12,"column":61}},"10":{"start":{"line":12,"column":30},"end":{"line":12,"column":61}},"11":{"start":{"line":14,"column":23},"end":{"line":18,"column":8}},"12":{"start":{"line":20,"column":6},"end":{"line":20,"column":52}},"13":{"start":{"line":20,"column":21},"end":{"line":20,"column":52}},"14":{"start":{"line":22,"column":28},"end":{"line":25,"column":7}},"15":{"start":{"line":27,"column":6},"end":{"line":27,"column":57}},"16":{"start":{"line":27,"column":26},"end":{"line":27,"column":57}},"17":{"start":{"line":29,"column":22},"end":{"line":31,"column":7}},"18":{"start":{"line":33,"column":20},"end":{"line":33,"column":38}},"19":{"start":{"line":35,"column":25},"end":{"line":35,"column":30}},"20":{"start":{"line":37,"column":6},"end":{"line":39,"column":80}},"21":{"start":{"line":41,"column":6},"end":{"line":41,"column":25}},"22":{"start":{"line":42,"column":6},"end":{"line":42,"column":18}},"23":{"start":{"line":47,"column":4},"end":{"line":77,"column":5}},"24":{"start":{"line":48,"column":33},"end":{"line":48,"column":44}},"25":{"start":{"line":49,"column":23},"end":{"line":52,"column":10}},"26":{"start":{"line":53,"column":24},"end":{"line":53,"column":43}},"27":{"start":{"line":55,"column":32},"end":{"line":61,"column":10}},"28":{"start":{"line":63,"column":30},"end":{"line":65,"column":11}},"29":{"start":{"line":67,"column":24},"end":{"line":67,"column":48}},"30":{"start":{"line":69,"column":29},"end":{"line":69,"column":34}},"31":{"start":{"line":71,"column":10},"end":{"line":73,"column":84}},"32":{"start":{"line":75,"column":6},"end":{"line":75,"column":25}},"33":{"start":{"line":76,"column":6},"end":{"line":76,"column":18}},"34":{"start":{"line":81,"column":4},"end":{"line":91,"column":5}},"35":{"start":{"line":82,"column":18},"end":{"line":82,"column":45}},"36":{"start":{"line":84,"column":6},"end":{"line":87,"column":9}},"37":{"start":{"line":89,"column":6},"end":{"line":89,"column":25}},"38":{"start":{"line":90,"column":6},"end":{"line":90,"column":18}},"39":{"start":{"line":95,"column":4},"end":{"line":112,"column":5}},"40":{"start":{"line":96,"column":17},"end":{"line":100,"column":8}},"41":{"start":{"line":101,"column":6},"end":{"line":101,"column":44}},"42":{"start":{"line":101,"column":17},"end":{"line":101,"column":44}},"43":{"start":{"line":102,"column":6},"end":{"line":102,"column":66}},"44":{"start":{"line":104,"column":6},"end":{"line":108,"column":11}},"45":{"start":{"line":110,"column":6},"end":{"line":110,"column":25}},"46":{"start":{"line":111,"column":6},"end":{"line":111,"column":18}},"47":{"start":{"line":116,"column":4},"end":{"line":129,"column":5}},"48":{"start":{"line":118,"column":17},"end":{"line":122,"column":8}},"49":{"start":{"line":123,"column":6},"end":{"line":123,"column":44}},"50":{"start":{"line":123,"column":17},"end":{"line":123,"column":44}},"51":{"start":{"line":125,"column":6},"end":{"line":125,"column":56}},"52":{"start":{"line":127,"column":6},"end":{"line":127,"column":25}},"53":{"start":{"line":128,"column":6},"end":{"line":128,"column":18}},"54":{"start":{"line":133,"column":4},"end":{"line":152,"column":5}},"55":{"start":{"line":134,"column":17},"end":{"line":138,"column":8}},"56":{"start":{"line":139,"column":6},"end":{"line":139,"column":44}},"57":{"start":{"line":139,"column":17},"end":{"line":139,"column":44}},"58":{"start":{"line":141,"column":6},"end":{"line":145,"column":9}},"59":{"start":{"line":146,"column":6},"end":{"line":148,"column":69}},"60":{"start":{"line":150,"column":6},"end":{"line":150,"column":25}},"61":{"start":{"line":151,"column":6},"end":{"line":151,"column":18}},"62":{"start":{"line":156,"column":4},"end":{"line":166,"column":5}},"63":{"start":{"line":157,"column":22},"end":{"line":157,"column":30}},"64":{"start":{"line":158,"column":6},"end":{"line":158,"column":49}},"65":{"start":{"line":158,"column":18},"end":{"line":158,"column":49}},"66":{"start":{"line":160,"column":27},"end":{"line":160,"column":49}},"67":{"start":{"line":162,"column":6},"end":{"line":162,"column":56}},"68":{"start":{"line":164,"column":6},"end":{"line":164,"column":25}},"69":{"start":{"line":165,"column":6},"end":{"line":165,"column":18}},"70":{"start":{"line":170,"column":4},"end":{"line":180,"column":5}},"71":{"start":{"line":171,"column":22},"end":{"line":171,"column":30}},"72":{"start":{"line":172,"column":6},"end":{"line":172,"column":49}},"73":{"start":{"line":172,"column":18},"end":{"line":172,"column":49}},"74":{"start":{"line":174,"column":27},"end":{"line":174,"column":49}},"75":{"start":{"line":176,"column":6},"end":{"line":176,"column":56}},"76":{"start":{"line":178,"column":6},"end":{"line":178,"column":25}},"77":{"start":{"line":179,"column":6},"end":{"line":179,"column":18}},"78":{"start":{"line":184,"column":4},"end":{"line":194,"column":5}},"79":{"start":{"line":185,"column":22},"end":{"line":185,"column":30}},"80":{"start":{"line":186,"column":6},"end":{"line":186,"column":49}},"81":{"start":{"line":186,"column":18},"end":{"line":186,"column":49}},"82":{"start":{"line":188,"column":27},"end":{"line":188,"column":49}},"83":{"start":{"line":190,"column":6},"end":{"line":190,"column":56}},"84":{"start":{"line":192,"column":6},"end":{"line":192,"column":25}},"85":{"start":{"line":193,"column":6},"end":{"line":193,"column":18}},"86":{"start":{"line":198,"column":0},"end":{"line":198,"column":28}}},"fnMap":{"0":{"name":"(anonymous_0)","decl":{"start":{"line":9,"column":2},"end":{"line":9,"column":3}},"loc":{"start":{"line":9,"column":37},"end":{"line":44,"column":3}},"line":9},"1":{"name":"(anonymous_1)","decl":{"start":{"line":46,"column":2},"end":{"line":46,"column":3}},"loc":{"start":{"line":46,"column":43},"end":{"line":78,"column":3}},"line":46},"2":{"name":"(anonymous_2)","decl":{"start":{"line":80,"column":2},"end":{"line":80,"column":3}},"loc":{"start":{"line":80,"column":40},"end":{"line":92,"column":3}},"line":80},"3":{"name":"(anonymous_3)","decl":{"start":{"line":94,"column":2},"end":{"line":94,"column":3}},"loc":{"start":{"line":94,"column":46},"end":{"line":113,"column":3}},"line":94},"4":{"name":"(anonymous_4)","decl":{"start":{"line":115,"column":2},"end":{"line":115,"column":3}},"loc":{"start":{"line":115,"column":44},"end":{"line":130,"column":3}},"line":115},"5":{"name":"(anonymous_5)","decl":{"start":{"line":132,"column":2},"end":{"line":132,"column":3}},"loc":{"start":{"line":132,"column":42},"end":{"line":153,"column":3}},"line":132},"6":{"name":"(anonymous_6)","decl":{"start":{"line":155,"column":2},"end":{"line":155,"column":3}},"loc":{"start":{"line":155,"column":46},"end":{"line":167,"column":3}},"line":155},"7":{"name":"(anonymous_7)","decl":{"start":{"line":169,"column":2},"end":{"line":169,"column":3}},"loc":{"start":{"line":169,"column":46},"end":{"line":181,"column":3}},"line":169},"8":{"name":"(anonymous_8)","decl":{"start":{"line":183,"column":2},"end":{"line":183,"column":3}},"loc":{"start":{"line":183,"column":46},"end":{"line":195,"column":3}},"line":183}},"branchMap":{"0":{"loc":{"start":{"line":11,"column":6},"end":{"line":11,"column":58}},"type":"if","locations":[{"start":{"line":11,"column":6},"end":{"line":11,"column":58}},{"start":{},"end":{}}],"line":11},"1":{"loc":{"start":{"line":12,"column":6},"end":{"line":12,"column":61}},"type":"if","locations":[{"start":{"line":12,"column":6},"end":{"line":12,"column":61}},{"start":{},"end":{}}],"line":12},"2":{"loc":{"start":{"line":20,"column":6},"end":{"line":20,"column":52}},"type":"if","locations":[{"start":{"line":20,"column":6},"end":{"line":20,"column":52}},{"start":{},"end":{}}],"line":20},"3":{"loc":{"start":{"line":27,"column":6},"end":{"line":27,"column":57}},"type":"if","locations":[{"start":{"line":27,"column":6},"end":{"line":27,"column":57}},{"start":{},"end":{}}],"line":27},"4":{"loc":{"start":{"line":101,"column":6},"end":{"line":101,"column":44}},"type":"if","locations":[{"start":{"line":101,"column":6},"end":{"line":101,"column":44}},{"start":{},"end":{}}],"line":101},"5":{"loc":{"start":{"line":123,"column":6},"end":{"line":123,"column":44}},"type":"if","locations":[{"start":{"line":123,"column":6},"end":{"line":123,"column":44}},{"start":{},"end":{}}],"line":123},"6":{"loc":{"start":{"line":139,"column":6},"end":{"line":139,"column":44}},"type":"if","locations":[{"start":{"line":139,"column":6},"end":{"line":139,"column":44}},{"start":{},"end":{}}],"line":139},"7":{"loc":{"start":{"line":158,"column":6},"end":{"line":158,"column":49}},"type":"if","locations":[{"start":{"line":158,"column":6},"end":{"line":158,"column":49}},{"start":{},"end":{}}],"line":158},"8":{"loc":{"start":{"line":172,"column":6},"end":{"line":172,"column":49}},"type":"if","locations":[{"start":{"line":172,"column":6},"end":{"line":172,"column":49}},{"start":{},"end":{}}],"line":172},"9":{"loc":{"start":{"line":186,"column":6},"end":{"line":186,"column":49}},"type":"if","locations":[{"start":{"line":186,"column":6},"end":{"line":186,"column":49}},{"start":{},"end":{}}],"line":186}},"s":{"0":3,"1":3,"2":3,"3":3,"4":3,"5":3,"6":5,"7":5,"8":1,"9":4,"10":1,"11":3,"12":3,"13":1,"14":2,"15":2,"16":1,"17":1,"18":1,"19":1,"20":1,"21":4,"22":4,"23":0,"24":0,"25":0,"26":0,"27":0,"28":0,"29":0,"30":0,"31":0,"32":0,"33":0,"34":4,"35":4,"36":1,"37":3,"38":3,"39":2,"40":2,"41":2,"42":0,"43":2,"44":1,"45":1,"46":1,"47":1,"48":1,"49":1,"50":0,"51":1,"52":0,"53":0,"54":1,"55":1,"56":1,"57":0,"58":1,"59":1,"60":0,"61":0,"62":2,"63":2,"64":2,"65":1,"66":1,"67":1,"68":1,"69":1,"70":2,"71":2,"72":2,"73":1,"74":1,"75":1,"76":1,"77":1,"78":2,"79":2,"80":2,"81":1,"82":1,"83":1,"84":1,"85":1,"86":3},"f":{"0":5,"1":0,"2":4,"3":2,"4":1,"5":1,"6":2,"7":2,"8":2},"b":{"0":[1,4],"1":[1,3],"2":[1,2],"3":[1,1],"4":[0,2],"5":[0,1],"6":[0,1],"7":[1,1],"8":[1,1],"9":[1,1]},"_coverageSchema":"1a1c01bbd47fc00a2c39e90264f33305004495a9","hash":"dacb5b0d923dc6d0a05a1377cbfb972a4fe78a4b"}
,"C:\\Yogi\\ip-arthayogi\\Server\\helpers\\bcrypt.js": {"path":"C:\\Yogi\\ip-arthayogi\\Server\\helpers\\bcrypt.js","statementMap":{"0":{"start":{"line":1,"column":15},"end":{"line":1,"column":34}},"1":{"start":{"line":3,"column":21},"end":{"line":8,"column":1}},"2":{"start":{"line":4,"column":15},"end":{"line":4,"column":37}},"3":{"start":{"line":5,"column":15},"end":{"line":5,"column":45}},"4":{"start":{"line":7,"column":4},"end":{"line":7,"column":15}},"5":{"start":{"line":10,"column":24},"end":{"line":12,"column":1}},"6":{"start":{"line":11,"column":4},"end":{"line":11,"column":48}},"7":{"start":{"line":14,"column":0},"end":{"line":14,"column":50}}},"fnMap":{"0":{"name":"(anonymous_0)","decl":{"start":{"line":3,"column":21},"end":{"line":3,"column":22}},"loc":{"start":{"line":3,"column":34},"end":{"line":8,"column":1}},"line":3},"1":{"name":"(anonymous_1)","decl":{"start":{"line":10,"column":24},"end":{"line":10,"column":25}},"loc":{"start":{"line":10,"column":47},"end":{"line":12,"column":1}},"line":10}},"branchMap":{},"s":{"0":3,"1":3,"2":5,"3":5,"4":5,"5":3,"6":2,"7":3},"f":{"0":5,"1":2},"b":{},"_coverageSchema":"1a1c01bbd47fc00a2c39e90264f33305004495a9","hash":"347839659da21c730174cab9217e3a1827edeed5"}
,"C:\\Yogi\\ip-arthayogi\\Server\\helpers\\jwt.js": {"path":"C:\\Yogi\\ip-arthayogi\\Server\\helpers\\jwt.js","statementMap":{"0":{"start":{"line":1,"column":12},"end":{"line":1,"column":35}},"1":{"start":{"line":2,"column":15},"end":{"line":2,"column":37}},"2":{"start":{"line":4,"column":18},"end":{"line":6,"column":1}},"3":{"start":{"line":5,"column":4},"end":{"line":5,"column":36}},"4":{"start":{"line":8,"column":20},"end":{"line":10,"column":1}},"5":{"start":{"line":9,"column":4},"end":{"line":9,"column":36}},"6":{"start":{"line":12,"column":0},"end":{"line":12,"column":43}}},"fnMap":{"0":{"name":"(anonymous_0)","decl":{"start":{"line":4,"column":18},"end":{"line":4,"column":19}},"loc":{"start":{"line":4,"column":31},"end":{"line":6,"column":1}},"line":4},"1":{"name":"(anonymous_1)","decl":{"start":{"line":8,"column":20},"end":{"line":8,"column":21}},"loc":{"start":{"line":8,"column":31},"end":{"line":10,"column":1}},"line":8}},"branchMap":{},"s":{"0":3,"1":3,"2":3,"3":4,"4":3,"5":11,"6":3},"f":{"0":4,"1":11},"b":{},"_coverageSchema":"1a1c01bbd47fc00a2c39e90264f33305004495a9","hash":"ea8f01c8839a7792d81b277d73d1c4ba3d81eccc"}
,"C:\\Yogi\\ip-arthayogi\\Server\\helpers\\openai.js": {"path":"C:\\Yogi\\ip-arthayogi\\Server\\helpers\\openai.js","statementMap":{"0":{"start":{"line":1,"column":19},"end":{"line":1,"column":36}},"1":{"start":{"line":2,"column":12},"end":{"line":2,"column":38}},"2":{"start":{"line":5,"column":19},"end":{"line":7,"column":6}},"3":{"start":{"line":9,"column":23},"end":{"line":12,"column":8}},"4":{"start":{"line":14,"column":6},"end":{"line":14,"column":50}},"5":{"start":{"line":18,"column":17},"end":{"line":20,"column":4}},"6":{"start":{"line":22,"column":21},"end":{"line":25,"column":6}},"7":{"start":{"line":27,"column":4},"end":{"line":27,"column":48}},"8":{"start":{"line":31,"column":17},"end":{"line":33,"column":4}},"9":{"start":{"line":35,"column":21},"end":{"line":38,"column":6}},"10":{"start":{"line":40,"column":4},"end":{"line":40,"column":48}},"11":{"start":{"line":43,"column":0},"end":{"line":47,"column":1}}},"fnMap":{"0":{"name":"openAI_JP","decl":{"start":{"line":4,"column":15},"end":{"line":4,"column":24}},"loc":{"start":{"line":4,"column":32},"end":{"line":15,"column":1}},"line":4},"1":{"name":"openAI_EN","decl":{"start":{"line":17,"column":15},"end":{"line":17,"column":24}},"loc":{"start":{"line":17,"column":32},"end":{"line":28,"column":1}},"line":17},"2":{"name":"openAI_KR","decl":{"start":{"line":30,"column":15},"end":{"line":30,"column":24}},"loc":{"start":{"line":30,"column":32},"end":{"line":41,"column":1}},"line":30}},"branchMap":{},"s":{"0":3,"1":3,"2":1,"3":1,"4":1,"5":1,"6":1,"7":1,"8":1,"9":1,"10":1,"11":3},"f":{"0":1,"1":1,"2":1},"b":{},"_coverageSchema":"1a1c01bbd47fc00a2c39e90264f33305004495a9","hash":"416bb7910998985fcde38c4e718701b20a33d56a"}
,"C:\\Yogi\\ip-arthayogi\\Server\\middlewares\\authentication.js": {"path":"C:\\Yogi\\ip-arthayogi\\Server\\middlewares\\authentication.js","statementMap":{"0":{"start":{"line":1,"column":24},"end":{"line":1,"column":49}},"1":{"start":{"line":2,"column":17},"end":{"line":2,"column":37}},"2":{"start":{"line":4,"column":23},"end":{"line":24,"column":1}},"3":{"start":{"line":5,"column":4},"end":{"line":23,"column":5}},"4":{"start":{"line":6,"column":32},"end":{"line":6,"column":43}},"5":{"start":{"line":7,"column":8},"end":{"line":7,"column":56}},"6":{"start":{"line":7,"column":28},"end":{"line":7,"column":56}},"7":{"start":{"line":9,"column":30},"end":{"line":9,"column":54}},"8":{"start":{"line":10,"column":8},"end":{"line":10,"column":59}},"9":{"start":{"line":10,"column":31},"end":{"line":10,"column":59}},"10":{"start":{"line":12,"column":23},"end":{"line":12,"column":41}},"11":{"start":{"line":14,"column":21},"end":{"line":14,"column":44}},"12":{"start":{"line":16,"column":8},"end":{"line":16,"column":47}},"13":{"start":{"line":16,"column":19},"end":{"line":16,"column":47}},"14":{"start":{"line":17,"column":8},"end":{"line":17,"column":23}},"15":{"start":{"line":18,"column":8},"end":{"line":18,"column":14}},"16":{"start":{"line":21,"column":8},"end":{"line":21,"column":27}},"17":{"start":{"line":22,"column":8},"end":{"line":22,"column":19}},"18":{"start":{"line":26,"column":0},"end":{"line":26,"column":35}}},"fnMap":{"0":{"name":"(anonymous_0)","decl":{"start":{"line":4,"column":23},"end":{"line":4,"column":24}},"loc":{"start":{"line":4,"column":49},"end":{"line":24,"column":1}},"line":4}},"branchMap":{"0":{"loc":{"start":{"line":7,"column":8},"end":{"line":7,"column":56}},"type":"if","locations":[{"start":{"line":7,"column":8},"end":{"line":7,"column":56}},{"start":{},"end":{}}],"line":7},"1":{"loc":{"start":{"line":10,"column":8},"end":{"line":10,"column":59}},"type":"if","locations":[{"start":{"line":10,"column":8},"end":{"line":10,"column":59}},{"start":{},"end":{}}],"line":10},"2":{"loc":{"start":{"line":16,"column":8},"end":{"line":16,"column":47}},"type":"if","locations":[{"start":{"line":16,"column":8},"end":{"line":16,"column":47}},{"start":{},"end":{}}],"line":16}},"s":{"0":3,"1":3,"2":3,"3":12,"4":12,"5":12,"6":0,"7":12,"8":12,"9":1,"10":11,"11":11,"12":11,"13":1,"14":10,"15":10,"16":2,"17":2,"18":3},"f":{"0":12},"b":{"0":[0,12],"1":[1,11],"2":[1,10]},"_coverageSchema":"1a1c01bbd47fc00a2c39e90264f33305004495a9","hash":"6f86c1eb23069295e8c3dd7c8ad6c2e01eda35ef"}
,"C:\\Yogi\\ip-arthayogi\\Server\\middlewares\\errHandler.js": {"path":"C:\\Yogi\\ip-arthayogi\\Server\\middlewares\\errHandler.js","statementMap":{"0":{"start":{"line":1,"column":19},"end":{"line":25,"column":1}},"1":{"start":{"line":2,"column":4},"end":{"line":24,"column":5}},"2":{"start":{"line":4,"column":12},"end":{"line":4,"column":66}},"3":{"start":{"line":5,"column":12},"end":{"line":5,"column":18}},"4":{"start":{"line":7,"column":12},"end":{"line":7,"column":68}},"5":{"start":{"line":8,"column":12},"end":{"line":8,"column":18}},"6":{"start":{"line":10,"column":12},"end":{"line":10,"column":69}},"7":{"start":{"line":11,"column":12},"end":{"line":11,"column":18}},"8":{"start":{"line":13,"column":12},"end":{"line":13,"column":85}},"9":{"start":{"line":14,"column":12},"end":{"line":14,"column":18}},"10":{"start":{"line":16,"column":12},"end":{"line":16,"column":65}},"11":{"start":{"line":17,"column":12},"end":{"line":17,"column":18}},"12":{"start":{"line":19,"column":12},"end":{"line":19,"column":67}},"13":{"start":{"line":20,"column":12},"end":{"line":20,"column":18}},"14":{"start":{"line":22,"column":12},"end":{"line":22,"column":68}},"15":{"start":{"line":23,"column":12},"end":{"line":23,"column":18}},"16":{"start":{"line":27,"column":0},"end":{"line":27,"column":31}}},"fnMap":{"0":{"name":"(anonymous_0)","decl":{"start":{"line":1,"column":19},"end":{"line":1,"column":20}},"loc":{"start":{"line":1,"column":44},"end":{"line":25,"column":1}},"line":1}},"branchMap":{"0":{"loc":{"start":{"line":2,"column":4},"end":{"line":24,"column":5}},"type":"switch","locations":[{"start":{"line":3,"column":8},"end":{"line":5,"column":18}},{"start":{"line":6,"column":8},"end":{"line":8,"column":18}},{"start":{"line":9,"column":8},"end":{"line":11,"column":18}},{"start":{"line":12,"column":8},"end":{"line":14,"column":18}},{"start":{"line":15,"column":8},"end":{"line":17,"column":18}},{"start":{"line":18,"column":8},"end":{"line":20,"column":18}},{"start":{"line":21,"column":8},"end":{"line":23,"column":18}}],"line":2}},"s":{"0":3,"1":13,"2":3,"3":3,"4":1,"5":1,"6":4,"7":4,"8":3,"9":3,"10":2,"11":2,"12":0,"13":0,"14":0,"15":0,"16":3},"f":{"0":13},"b":{"0":[3,1,4,3,2,0,0]},"_coverageSchema":"1a1c01bbd47fc00a2c39e90264f33305004495a9","hash":"f8a0d528de9921fb384d326014bf3a6c916adfcd"}
,"C:\\Yogi\\ip-arthayogi\\Server\\models\\index.js": {"path":"C:\\Yogi\\ip-arthayogi\\Server\\models\\index.js","statementMap":{"0":{"start":{"line":3,"column":11},"end":{"line":3,"column":24}},"1":{"start":{"line":4,"column":13},"end":{"line":4,"column":28}},"2":{"start":{"line":5,"column":18},"end":{"line":5,"column":38}},"3":{"start":{"line":6,"column":16},"end":{"line":6,"column":34}},"4":{"start":{"line":7,"column":17},"end":{"line":7,"column":42}},"5":{"start":{"line":8,"column":12},"end":{"line":8,"column":49}},"6":{"start":{"line":9,"column":15},"end":{"line":9,"column":65}},"7":{"start":{"line":10,"column":11},"end":{"line":10,"column":13}},"8":{"start":{"line":13,"column":0},"end":{"line":17,"column":1}},"9":{"start":{"line":14,"column":2},"end":{"line":14,"column":74}},"10":{"start":{"line":16,"column":2},"end":{"line":16,"column":87}},"11":{"start":{"line":19,"column":0},"end":{"line":32,"column":5}},"12":{"start":{"line":22,"column":4},"end":{"line":27,"column":6}},"13":{"start":{"line":30,"column":18},"end":{"line":30,"column":85}},"14":{"start":{"line":31,"column":4},"end":{"line":31,"column":27}},"15":{"start":{"line":34,"column":0},"end":{"line":38,"column":3}},"16":{"start":{"line":35,"column":2},"end":{"line":37,"column":3}},"17":{"start":{"line":36,"column":4},"end":{"line":36,"column":32}},"18":{"start":{"line":40,"column":0},"end":{"line":40,"column":25}},"19":{"start":{"line":41,"column":0},"end":{"line":41,"column":25}},"20":{"start":{"line":43,"column":0},"end":{"line":43,"column":20}}},"fnMap":{"0":{"name":"(anonymous_0)","decl":{"start":{"line":21,"column":10},"end":{"line":21,"column":11}},"loc":{"start":{"line":21,"column":18},"end":{"line":28,"column":3}},"line":21},"1":{"name":"(anonymous_1)","decl":{"start":{"line":29,"column":11},"end":{"line":29,"column":12}},"loc":{"start":{"line":29,"column":19},"end":{"line":32,"column":3}},"line":29},"2":{"name":"(anonymous_2)","decl":{"start":{"line":34,"column":24},"end":{"line":34,"column":25}},"loc":{"start":{"line":34,"column":37},"end":{"line":38,"column":1}},"line":34}},"branchMap":{"0":{"loc":{"start":{"line":8,"column":12},"end":{"line":8,"column":49}},"type":"binary-expr","locations":[{"start":{"line":8,"column":12},"end":{"line":8,"column":32}},{"start":{"line":8,"column":36},"end":{"line":8,"column":49}}],"line":8},"1":{"loc":{"start":{"line":13,"column":0},"end":{"line":17,"column":1}},"type":"if","locations":[{"start":{"line":13,"column":0},"end":{"line":17,"column":1}},{"start":{"line":15,"column":7},"end":{"line":17,"column":1}}],"line":13},"2":{"loc":{"start":{"line":23,"column":6},"end":{"line":26,"column":37}},"type":"binary-expr","locations":[{"start":{"line":23,"column":6},"end":{"line":23,"column":29}},{"start":{"line":24,"column":6},"end":{"line":24,"column":23}},{"start":{"line":25,"column":6},"end":{"line":25,"column":30}},{"start":{"line":26,"column":6},"end":{"line":26,"column":37}}],"line":23},"3":{"loc":{"start":{"line":35,"column":2},"end":{"line":37,"column":3}},"type":"if","locations":[{"start":{"line":35,"column":2},"end":{"line":37,"column":3}},{"start":{},"end":{}}],"line":35}},"s":{"0":3,"1":3,"2":3,"3":3,"4":3,"5":3,"6":3,"7":3,"8":3,"9":0,"10":3,"11":3,"12":6,"13":3,"14":3,"15":3,"16":3,"17":3,"18":3,"19":3,"20":3},"f":{"0":6,"1":3,"2":3},"b":{"0":[3,0],"1":[0,3],"2":[6,6,3,3],"3":[3,0]},"_coverageSchema":"1a1c01bbd47fc00a2c39e90264f33305004495a9","hash":"96e4218c13d8bec2a06dd5a232b7f827cd2213a2"}
,"C:\\Yogi\\ip-arthayogi\\Server\\models\\user.js": {"path":"C:\\Yogi\\ip-arthayogi\\Server\\models\\user.js","statementMap":{"0":{"start":{"line":2,"column":18},"end":{"line":2,"column":38}},"1":{"start":{"line":3,"column":25},"end":{"line":3,"column":53}},"2":{"start":{"line":4,"column":0},"end":{"line":70,"column":2}},"3":{"start":{"line":15,"column":2},"end":{"line":68,"column":4}},"4":{"start":{"line":62,"column":10},"end":{"line":62,"column":54}},"5":{"start":{"line":69,"column":2},"end":{"line":69,"column":14}}},"fnMap":{"0":{"name":"(anonymous_0)","decl":{"start":{"line":4,"column":17},"end":{"line":4,"column":18}},"loc":{"start":{"line":4,"column":43},"end":{"line":70,"column":1}},"line":4},"1":{"name":"(anonymous_1)","decl":{"start":{"line":11,"column":4},"end":{"line":11,"column":5}},"loc":{"start":{"line":11,"column":29},"end":{"line":13,"column":5}},"line":11},"2":{"name":"(anonymous_2)","decl":{"start":{"line":61,"column":8},"end":{"line":61,"column":9}},"loc":{"start":{"line":61,"column":27},"end":{"line":63,"column":9}},"line":61}},"branchMap":{},"s":{"0":3,"1":3,"2":3,"3":3,"4":5,"5":3},"f":{"0":3,"1":3,"2":5},"b":{},"_coverageSchema":"1a1c01bbd47fc00a2c39e90264f33305004495a9","hash":"7d1fa4fdf625b1ad07520d70f5786412b2fde3a2"}
,"C:\\Yogi\\ip-arthayogi\\Server\\routers\\index.js": {"path":"C:\\Yogi\\ip-arthayogi\\Server\\routers\\index.js","statementMap":{"0":{"start":{"line":1,"column":16},"end":{"line":1,"column":34}},"1":{"start":{"line":2,"column":19},"end":{"line":2,"column":44}},"2":{"start":{"line":3,"column":27},"end":{"line":3,"column":67}},"3":{"start":{"line":4,"column":15},"end":{"line":4,"column":31}},"4":{"start":{"line":6,"column":0},"end":{"line":6,"column":39}},"5":{"start":{"line":7,"column":0},"end":{"line":7,"column":45}},"6":{"start":{"line":8,"column":0},"end":{"line":8,"column":52}},"7":{"start":{"line":10,"column":0},"end":{"line":10,"column":26}},"8":{"start":{"line":12,"column":0},"end":{"line":12,"column":52}},"9":{"start":{"line":13,"column":0},"end":{"line":13,"column":48}},"10":{"start":{"line":14,"column":0},"end":{"line":14,"column":49}},"11":{"start":{"line":16,"column":0},"end":{"line":16,"column":55}},"12":{"start":{"line":17,"column":0},"end":{"line":17,"column":55}},"13":{"start":{"line":18,"column":0},"end":{"line":18,"column":55}},"14":{"start":{"line":21,"column":0},"end":{"line":21,"column":23}}},"fnMap":{},"branchMap":{},"s":{"0":3,"1":3,"2":3,"3":3,"4":3,"5":3,"6":3,"7":3,"8":3,"9":3,"10":3,"11":3,"12":3,"13":3,"14":3},"f":{},"b":{},"_coverageSchema":"1a1c01bbd47fc00a2c39e90264f33305004495a9","hash":"6dfb75dc7ebb60147a4564082cd414e0f63ccc40"}
}
