TN:
SF:app.js
FNF:0
FNH:0
DA:1,3
DA:2,3
DA:5,3
DA:6,3
DA:7,3
DA:8,3
DA:9,3
DA:11,3
DA:13,3
DA:14,3
DA:16,3
DA:18,3
DA:20,3
LF:13
LH:13
BRDA:1,0,0,3
BRDA:1,0,1,0
BRF:2
BRH:1
end_of_record
TN:
SF:controllers\index.js
FN:9,(anonymous_0)
FN:46,(anonymous_1)
FN:80,(anonymous_2)
FN:94,(anonymous_3)
FN:115,(anonymous_4)
FN:132,(anonymous_5)
FN:155,(anonymous_6)
FN:169,(anonymous_7)
FN:183,(anonymous_8)
FNF:9
FNH:8
FNDA:5,(anonymous_0)
FNDA:0,(anonymous_1)
FNDA:4,(anonymous_2)
FNDA:2,(anonymous_3)
FNDA:1,(anonymous_4)
FNDA:1,(anonymous_5)
FNDA:2,(anonymous_6)
FNDA:2,(anonymous_7)
FNDA:2,(anonymous_8)
DA:1,3
DA:2,3
DA:3,3
DA:4,3
DA:5,3
DA:6,3
DA:10,5
DA:11,5
DA:12,4
DA:14,3
DA:20,3
DA:22,2
DA:27,2
DA:29,1
DA:33,1
DA:35,1
DA:37,1
DA:41,4
DA:42,4
DA:47,0
DA:48,0
DA:49,0
DA:53,0
DA:55,0
DA:63,0
DA:67,0
DA:69,0
DA:71,0
DA:75,0
DA:76,0
DA:81,4
DA:82,4
DA:84,1
DA:89,3
DA:90,3
DA:95,2
DA:96,2
DA:101,2
DA:102,2
DA:104,1
DA:110,1
DA:111,1
DA:116,1
DA:118,1
DA:123,1
DA:125,1
DA:127,0
DA:128,0
DA:133,1
DA:134,1
DA:139,1
DA:141,1
DA:146,1
DA:150,0
DA:151,0
DA:156,2
DA:157,2
DA:158,2
DA:160,1
DA:162,1
DA:164,1
DA:165,1
DA:170,2
DA:171,2
DA:172,2
DA:174,1
DA:176,1
DA:178,1
DA:179,1
DA:184,2
DA:185,2
DA:186,2
DA:188,1
DA:190,1
DA:192,1
DA:193,1
DA:198,3
LF:77
LH:62
BRDA:11,0,0,1
BRDA:11,0,1,4
BRDA:12,1,0,1
BRDA:12,1,1,3
BRDA:20,2,0,1
BRDA:20,2,1,2
BRDA:27,3,0,1
BRDA:27,3,1,1
BRDA:101,4,0,0
BRDA:101,4,1,2
BRDA:123,5,0,0
BRDA:123,5,1,1
BRDA:139,6,0,0
BRDA:139,6,1,1
BRDA:158,7,0,1
BRDA:158,7,1,1
BRDA:172,8,0,1
BRDA:172,8,1,1
BRDA:186,9,0,1
BRDA:186,9,1,1
BRF:20
BRH:17
end_of_record
TN:
SF:helpers\bcrypt.js
FN:3,(anonymous_0)
FN:10,(anonymous_1)
FNF:2
FNH:2
FNDA:5,(anonymous_0)
FNDA:2,(anonymous_1)
DA:1,3
DA:3,3
DA:4,5
DA:5,5
DA:7,5
DA:10,3
DA:11,2
DA:14,3
LF:8
LH:8
BRF:0
BRH:0
end_of_record
TN:
SF:helpers\jwt.js
FN:4,(anonymous_0)
FN:8,(anonymous_1)
FNF:2
FNH:2
FNDA:4,(anonymous_0)
FNDA:11,(anonymous_1)
DA:1,3
DA:2,3
DA:4,3
DA:5,4
DA:8,3
DA:9,11
DA:12,3
LF:7
LH:7
BRF:0
BRH:0
end_of_record
TN:
SF:helpers\openai.js
FN:4,openAI_JP
FN:17,openAI_EN
FN:30,openAI_KR
FNF:3
FNH:3
FNDA:1,openAI_JP
FNDA:1,openAI_EN
FNDA:1,openAI_KR
DA:1,3
DA:2,3
DA:5,1
DA:9,1
DA:14,1
DA:18,1
DA:22,1
DA:27,1
DA:31,1
DA:35,1
DA:40,1
DA:43,3
LF:12
LH:12
BRF:0
BRH:0
end_of_record
TN:
SF:middlewares\authentication.js
FN:4,(anonymous_0)
FNF:1
FNH:1
FNDA:12,(anonymous_0)
DA:1,3
DA:2,3
DA:4,3
DA:5,12
DA:6,12
DA:7,12
DA:9,12
DA:10,12
DA:12,11
DA:14,11
DA:16,11
DA:17,10
DA:18,10
DA:21,2
DA:22,2
DA:26,3
LF:16
LH:16
BRDA:7,0,0,0
BRDA:7,0,1,12
BRDA:10,1,0,1
BRDA:10,1,1,11
BRDA:16,2,0,1
BRDA:16,2,1,10
BRF:6
BRH:5
end_of_record
TN:
SF:middlewares\errHandler.js
FN:1,(anonymous_0)
FNF:1
FNH:1
FNDA:13,(anonymous_0)
DA:1,3
DA:2,13
DA:4,3
DA:5,3
DA:7,1
DA:8,1
DA:10,4
DA:11,4
DA:13,3
DA:14,3
DA:16,2
DA:17,2
DA:19,0
DA:20,0
DA:22,0
DA:23,0
DA:27,3
LF:17
LH:13
BRDA:2,0,0,3
BRDA:2,0,1,1
BRDA:2,0,2,4
BRDA:2,0,3,3
BRDA:2,0,4,2
BRDA:2,0,5,0
BRDA:2,0,6,0
BRF:7
BRH:5
end_of_record
TN:
SF:models\index.js
FN:21,(anonymous_0)
FN:29,(anonymous_1)
FN:34,(anonymous_2)
FNF:3
FNH:3
FNDA:6,(anonymous_0)
FNDA:3,(anonymous_1)
FNDA:3,(anonymous_2)
DA:3,3
DA:4,3
DA:5,3
DA:6,3
DA:7,3
DA:8,3
DA:9,3
DA:10,3
DA:13,3
DA:14,0
DA:16,3
DA:19,3
DA:22,6
DA:30,3
DA:31,3
DA:34,3
DA:35,3
DA:36,3
DA:40,3
DA:41,3
DA:43,3
LF:21
LH:20
BRDA:8,0,0,3
BRDA:8,0,1,0
BRDA:13,1,0,0
BRDA:13,1,1,3
BRDA:23,2,0,6
BRDA:23,2,1,6
BRDA:23,2,2,3
BRDA:23,2,3,3
BRDA:35,3,0,3
BRDA:35,3,1,0
BRF:10
BRH:7
end_of_record
TN:
SF:models\user.js
FN:4,(anonymous_0)
FN:11,(anonymous_1)
FN:61,(anonymous_2)
FNF:3
FNH:3
FNDA:3,(anonymous_0)
FNDA:3,(anonymous_1)
FNDA:5,(anonymous_2)
DA:2,3
DA:3,3
DA:4,3
DA:15,3
DA:62,5
DA:69,3
LF:6
LH:6
BRF:0
BRH:0
end_of_record
TN:
SF:routers\index.js
FNF:0
FNH:0
DA:1,3
DA:2,3
DA:3,3
DA:4,3
DA:6,3
DA:7,3
DA:8,3
DA:10,3
DA:12,3
DA:13,3
DA:14,3
DA:16,3
DA:17,3
DA:18,3
DA:21,3
LF:15
LH:15
BRF:0
BRH:0
end_of_record
